<?xml version="1.0" encoding="UTF-8"?>
<!-- Generated by org.testng.reporters.JUnitXMLReporter -->
<testsuite ignored="2" hostname="DESKTOP-F3186QF" failures="0" tests="3" name="Default test" time="42.028" errors="0" timestamp="2019-09-17T23:55:56 ART">
  <testcase classname="test.TestAutomation" name="MessageError" time="2.402"/>
  <testcase classname="test.TestAutomation" name="MessageError" time="2.696"/>
  <testcase classname="test.TestAutomation" name="MessageError" time="2.403"/>
  <testcase classname="test.TestAutomation" name="create_Account" time="0.0">
    <ignored/>
  </testcase> <!-- create_Account -->
  <testcase classname="test.TestAutomation" name="Login_Correcto" time="0.0">
    <ignored/>
  </testcase> <!-- Login_Correcto -->
</testsuite> <!-- Default test -->
